CRITICAL - 2023-10-16 13:40:18 --> count(): Parameter must be an array or an object that implements Countable
#0 [internal function]: CodeIgniter\Debug\Exceptions->errorHandler()
#1 /var/www/html/nftbox/bluemoonnft.com/app/Modules/Website/Controllers/Home.php(1333): count()
#2 /var/www/html/nftbox/bluemoonnft.com/system/CodeIgniter.php(926): App\Modules\Website\Controllers\Home->get_updadteOnwer()
#3 /var/www/html/nftbox/bluemoonnft.com/system/CodeIgniter.php(412): CodeIgniter\CodeIgniter->runController()
#4 /var/www/html/nftbox/bluemoonnft.com/system/CodeIgniter.php(320): CodeIgniter\CodeIgniter->handleRequest()
#5 /var/www/html/nftbox/bluemoonnft.com/index.php(64): CodeIgniter\CodeIgniter->run()
#6 {main}
CRITICAL - 2023-10-16 13:41:47 --> count(): Parameter must be an array or an object that implements Countable
#0 [internal function]: CodeIgniter\Debug\Exceptions->errorHandler()
#1 /var/www/html/nftbox/bluemoonnft.com/app/Modules/Website/Controllers/Home.php(1333): count()
#2 /var/www/html/nftbox/bluemoonnft.com/system/CodeIgniter.php(926): App\Modules\Website\Controllers\Home->get_updadteOnwer()
#3 /var/www/html/nftbox/bluemoonnft.com/system/CodeIgniter.php(412): CodeIgniter\CodeIgniter->runController()
#4 /var/www/html/nftbox/bluemoonnft.com/system/CodeIgniter.php(320): CodeIgniter\CodeIgniter->handleRequest()
#5 /var/www/html/nftbox/bluemoonnft.com/index.php(64): CodeIgniter\CodeIgniter->run()
#6 {main}
CRITICAL - 2023-10-16 13:44:26 --> Argument 1 passed to CodeIgniter\Database\BaseBuilder::orderBy() must be of the type string, null given, called in /var/www/html/nftbox/bluemoonnft.com/app/Modules/Website/Models/Common_model.php on line 63
#0 /var/www/html/nftbox/bluemoonnft.com/app/Modules/Website/Models/Common_model.php(63): CodeIgniter\Database\BaseBuilder->orderBy()
#1 /var/www/html/nftbox/bluemoonnft.com/app/Modules/Website/Controllers/Home.php(1332): App\Modules\Website\Models\common_model->where_rows()
#2 /var/www/html/nftbox/bluemoonnft.com/system/CodeIgniter.php(926): App\Modules\Website\Controllers\Home->get_updadteOnwer()
#3 /var/www/html/nftbox/bluemoonnft.com/system/CodeIgniter.php(412): CodeIgniter\CodeIgniter->runController()
#4 /var/www/html/nftbox/bluemoonnft.com/system/CodeIgniter.php(320): CodeIgniter\CodeIgniter->handleRequest()
#5 /var/www/html/nftbox/bluemoonnft.com/index.php(64): CodeIgniter\CodeIgniter->run()
#6 {main}
